c:\users\james\contacts\documents\c++\flappy bird\flappy bird\release\vc141.pdb
c:\users\james\contacts\documents\c++\flappy bird\flappy bird\release\scene.obj
c:\users\james\contacts\documents\c++\flappy bird\flappy bird\release\playscene.obj
c:\users\james\contacts\documents\c++\flappy bird\flappy bird\release\pipesmanager.obj
c:\users\james\contacts\documents\c++\flappy bird\flappy bird\release\pipe.obj
c:\users\james\contacts\documents\c++\flappy bird\flappy bird\release\menuscene.obj
c:\users\james\contacts\documents\c++\flappy bird\flappy bird\release\main.obj
c:\users\james\contacts\documents\c++\flappy bird\flappy bird\release\game.obj
c:\users\james\contacts\documents\c++\flappy bird\flappy bird\release\button.obj
c:\users\james\contacts\documents\c++\flappy bird\flappy bird\release\bird.obj
c:\users\james\contacts\documents\c++\flappy bird\flappy bird\release\background.obj
c:\users\james\contacts\documents\c++\flappy bird\flappy bird\release\score.obj
c:\users\james\contacts\documents\c++\flappy bird\release\flappy bird.ipdb
c:\users\james\contacts\documents\c++\flappy bird\release\flappy bird.iobj
c:\users\james\contacts\documents\c++\flappy bird\flappy bird\release\flappy bird.tlog\cl.command.1.tlog
c:\users\james\contacts\documents\c++\flappy bird\flappy bird\release\flappy bird.tlog\cl.read.1.tlog
c:\users\james\contacts\documents\c++\flappy bird\flappy bird\release\flappy bird.tlog\cl.write.1.tlog
c:\users\james\contacts\documents\c++\flappy bird\flappy bird\release\flappy bird.tlog\flappy bird.write.1u.tlog
c:\users\james\contacts\documents\c++\flappy bird\flappy bird\release\flappy bird.tlog\link.command.1.tlog
c:\users\james\contacts\documents\c++\flappy bird\flappy bird\release\flappy bird.tlog\link.read.1.tlog
c:\users\james\contacts\documents\c++\flappy bird\flappy bird\release\flappy bird.tlog\link.write.1.tlog
